<?xml version="1.0" encoding="UTF-8"?>
<!-- Generated by org.testng.reporters.JUnitReportReporter -->
<testsuite hostname="CSGVTVLT245" failures="0" tests="1" name="DBMigration.DES_Source_DB" time="1.325" errors="1" timestamp="2022-05-11T21:14:03 IST" skipped="0">
  <testcase classname="DBMigration.DES_Source_DB" name="Nexus_selectQuery" time="1.325">
    <error message="An internal error has occurred. Please retry or report your issues." type="java.sql.SQLException">
      <![CDATA[java.sql.SQLException: An internal error has occurred. Please retry or report your issues.
at com.mysql.jdbc.SQLError.createSQLException(SQLError.java:1056)
at com.mysql.jdbc.SQLError.createSQLException(SQLError.java:957)
at com.mysql.jdbc.MysqlIO.checkErrorPacket(MysqlIO.java:3361)
at com.mysql.jdbc.MysqlIO.checkErrorPacket(MysqlIO.java:3295)
at com.mysql.jdbc.MysqlIO.checkErrorPacket(MysqlIO.java:909)
at com.mysql.jdbc.MysqlIO.secureAuth411(MysqlIO.java:3758)
at com.mysql.jdbc.MysqlIO.doHandshake(MysqlIO.java:1271)
at com.mysql.jdbc.ConnectionImpl.createNewIO(ConnectionImpl.java:1965)
at com.mysql.jdbc.ConnectionImpl.<init>(ConnectionImpl.java:718)
at com.mysql.jdbc.JDBC4Connection.<init>(JDBC4Connection.java:46)
at java.base/jdk.internal.reflect.NativeConstructorAccessorImpl.newInstance0(Native Method)
at java.base/jdk.internal.reflect.NativeConstructorAccessorImpl.newInstance(NativeConstructorAccessorImpl.java:77)
at java.base/jdk.internal.reflect.DelegatingConstructorAccessorImpl.newInstance(DelegatingConstructorAccessorImpl.java:45)
at java.base/java.lang.reflect.Constructor.newInstanceWithCaller(Constructor.java:499)
at java.base/java.lang.reflect.Constructor.newInstance(Constructor.java:480)
at com.mysql.jdbc.Util.handleNewInstance(Util.java:403)
at com.mysql.jdbc.ConnectionImpl.getInstance(ConnectionImpl.java:291)
at com.mysql.jdbc.NonRegisteringDriver.connect(NonRegisteringDriver.java:283)
at java.sql/java.sql.DriverManager.getConnection(DriverManager.java:681)
at java.sql/java.sql.DriverManager.getConnection(DriverManager.java:229)
at DBMigration.DES_Source_DB.Nexus_selectQuery(DES_Source_DB.java:198)
at java.base/jdk.internal.reflect.NativeMethodAccessorImpl.invoke0(Native Method)
at java.base/jdk.internal.reflect.NativeMethodAccessorImpl.invoke(NativeMethodAccessorImpl.java:77)
at java.base/jdk.internal.reflect.DelegatingMethodAccessorImpl.invoke(DelegatingMethodAccessorImpl.java:43)
at java.base/java.lang.reflect.Method.invoke(Method.java:568)
at org.testng.internal.MethodInvocationHelper.invokeMethod(MethodInvocationHelper.java:133)
at org.testng.internal.TestInvoker.invokeMethod(TestInvoker.java:598)
at org.testng.internal.TestInvoker.invokeTestMethod(TestInvoker.java:173)
at org.testng.internal.MethodRunner.runInSequence(MethodRunner.java:46)
at org.testng.internal.TestInvoker$MethodInvocationAgent.invoke(TestInvoker.java:824)
at org.testng.internal.TestInvoker.invokeTestMethods(TestInvoker.java:146)
at org.testng.internal.TestMethodWorker.invokeTestMethods(TestMethodWorker.java:146)
at org.testng.internal.TestMethodWorker.run(TestMethodWorker.java:128)
at java.base/java.util.ArrayList.forEach(ArrayList.java:1511)
at org.testng.TestRunner.privateRun(TestRunner.java:794)
at org.testng.TestRunner.run(TestRunner.java:596)
at org.testng.SuiteRunner.runTest(SuiteRunner.java:377)
at org.testng.SuiteRunner.runSequentially(SuiteRunner.java:371)
at org.testng.SuiteRunner.privateRun(SuiteRunner.java:332)
at org.testng.SuiteRunner.run(SuiteRunner.java:276)
at org.testng.SuiteRunnerWorker.runSuite(SuiteRunnerWorker.java:53)
at org.testng.SuiteRunnerWorker.run(SuiteRunnerWorker.java:96)
at org.testng.TestNG.runSuitesSequentially(TestNG.java:1212)
at org.testng.TestNG.runSuitesLocally(TestNG.java:1134)
at org.testng.TestNG.runSuites(TestNG.java:1063)
at org.testng.TestNG.run(TestNG.java:1031)
at org.testng.remote.AbstractRemoteTestNG.run(AbstractRemoteTestNG.java:115)
at org.testng.remote.RemoteTestNG.initAndRun(RemoteTestNG.java:251)
at org.testng.remote.RemoteTestNG.main(RemoteTestNG.java:77)
]]>
    </error>
  </testcase> <!-- Nexus_selectQuery -->
  <system-out/>
</testsuite> <!-- DBMigration.DES_Source_DB -->
