<?xml version="1.0" encoding="UTF-8"?>
<!-- Generated by org.testng.reporters.JUnitReportReporter -->
<testsuite hostname="CSGVTVLT245" failures="0" tests="2" name="DBMigration.DES_to_Nexus_DataMigration" time="8.153" errors="0" timestamp="2022-05-12T20:57:31 IST" skipped="0">
  <testcase classname="DBMigration.DES_to_Nexus_DataMigration" name="Nexus_selectQuery" time="3.500"/>
  <system-out/>
  <testcase classname="DBMigration.DES_to_Nexus_DataMigration" name="selectQuery" time="4.653"/>
  <system-out>
    <![CDATA[DES Table Data which is not available on Transformation DB after migration



------------------------------------------
[24, 29, 12, 8, 5, 20, 31, 9, 19, 18, 26, 30, 17, 11, 33, 10, 32, 14, 22, 23, 3, 4, 34, 16, 15, 25, 27, 35, 36, 2, 1]
]]>
  </system-out>
</testsuite> <!-- DBMigration.DES_to_Nexus_DataMigration -->
