<?xml version="1.0" encoding="UTF-8"?>
<!-- Generated by org.testng.reporters.JUnitReportReporter -->
<testsuite hostname="CSGVTVLT245" failures="0" tests="2" name="APISource.API_Testing" time="45.452" errors="0" timestamp="2022-03-28T17:52:25 IST" skipped="0">
  <testcase classname="APISource.API_Testing" name="aptTesting_GETRequest" time="44.909"/>
  <system-out/>
  <testcase classname="APISource.API_Testing" name="aptTesting_POSTRequest" time="0.543"/>
  <system-out/>
</testsuite> <!-- APISource.API_Testing -->
