<?xml version="1.0" encoding="UTF-8"?>
<!-- Generated by org.testng.reporters.JUnitReportReporter -->
<testsuite hostname="CSGVTVLT245" failures="0" tests="1" name="MigrationApp.Test.MigrationAppTest_Functionality" time="42.405" errors="0" timestamp="2022-07-18T23:48:12 IST" skipped="0">
  <testcase classname="MigrationApp.Test.MigrationAppTest_Functionality" name="UserAccount" time="42.405"/>
  <system-out/>
</testsuite> <!-- MigrationApp.Test.MigrationAppTest_Functionality -->
