<?xml version="1.0" encoding="UTF-8"?>
<!-- Generated by org.testng.reporters.JUnitReportReporter -->
<testsuite hostname="CSGVTVLT245" failures="0" tests="8" name="APISource.API_Testing" time="7.159" errors="0" timestamp="2022-04-18T23:06:06 IST" skipped="0">
  <testcase classname="APISource.API_Testing" name="aptTesting_GETRequest" time="1.094"/>
  <system-out/>
  <testcase classname="APISource.API_Testing" name="aptTesting_GETRequest" time="0.491"/>
  <system-out/>
  <testcase classname="APISource.API_Testing" name="aptTesting_GETRequest" time="0.581"/>
  <system-out/>
  <testcase classname="APISource.API_Testing" name="aptTesting_GETRequest" time="3.027"/>
  <system-out/>
  <testcase classname="APISource.API_Testing" name="aptTesting_POSTRequest" time="0.569"/>
  <system-out/>
  <testcase classname="APISource.API_Testing" name="aptTesting_POSTRequest" time="0.306"/>
  <system-out/>
  <testcase classname="APISource.API_Testing" name="aptTesting_GETRequest" time="0.403"/>
  <system-out/>
  <testcase classname="APISource.API_Testing" name="aptTesting_GETRequest" time="0.688"/>
  <system-out/>
</testsuite> <!-- APISource.API_Testing -->
